Analysis & Synthesis report for ExecutionUnit
Thu Oct 10 23:17:47 2019
Quartus Prime Version 16.0.0 Build 211 04/27/2016 SJ Lite Edition


---------------------
; Table of Contents ;
---------------------
  1. Legal Notice
  2. Analysis & Synthesis Summary
  3. Analysis & Synthesis Settings
  4. Parallel Compilation
  5. Analysis & Synthesis Source Files Read
  6. Analysis & Synthesis Resource Usage Summary
  7. Analysis & Synthesis Resource Utilization by Entity
  8. General Register Statistics
  9. Parameter Settings for User Entity Instance: LPM_INV:inst1
 10. Parameter Settings for User Entity Instance: LPM_SHIFTREG:AReg
 11. Parameter Settings for User Entity Instance: LPM_SHIFTREG:BReg
 12. Parameter Settings for User Entity Instance: LPM_SHIFTREG:CReg
 13. lpm_shiftreg Parameter Settings by Entity Instance
 14. Analysis & Synthesis Messages



----------------
; Legal Notice ;
----------------
Copyright (C) 1991-2016 Altera Corporation. All rights reserved.
Your use of Altera Corporation's design tools, logic functions 
and other software and tools, and its AMPP partner logic 
functions, and any output files from any of the foregoing 
(including device programming or simulation files), and any 
associated documentation or information are expressly subject 
to the terms and conditions of the Altera Program License 
Subscription Agreement, the Altera Quartus Prime License Agreement,
the Altera MegaCore Function License Agreement, or other 
applicable license agreement, including, without limitation, 
that your use is for the sole purpose of programming logic 
devices manufactured by Altera and sold by Altera or its 
authorized distributors.  Please refer to the applicable 
agreement for further details.



+---------------------------------------------------------------------------+
; Analysis & Synthesis Summary                                              ;
+-----------------------------+---------------------------------------------+
; Analysis & Synthesis Status ; Successful - Thu Oct 10 23:17:47 2019       ;
; Quartus Prime Version       ; 16.0.0 Build 211 04/27/2016 SJ Lite Edition ;
; Revision Name               ; ExecutionUnit                               ;
; Top-level Entity Name       ; ExecutionUnit                               ;
; Family                      ; MAX V                                       ;
; Total logic elements        ; 52                                          ;
; Total pins                  ; 27                                          ;
; Total virtual pins          ; 0                                           ;
; UFM blocks                  ; 0 / 1 ( 0 % )                               ;
+-----------------------------+---------------------------------------------+


+----------------------------------------------------------------------------------------------------------------------+
; Analysis & Synthesis Settings                                                                                        ;
+----------------------------------------------------------------------------+--------------------+--------------------+
; Option                                                                     ; Setting            ; Default Value      ;
+----------------------------------------------------------------------------+--------------------+--------------------+
; Top-level entity name                                                      ; ExecutionUnit      ; ExecutionUnit      ;
; Family name                                                                ; MAX V              ; Cyclone V          ;
; Use smart compilation                                                      ; Off                ; Off                ;
; Enable parallel Assembler and TimeQuest Timing Analyzer during compilation ; On                 ; On                 ;
; Enable compact report table                                                ; Off                ; Off                ;
; Restructure Multiplexers                                                   ; Auto               ; Auto               ;
; Create Debugging Nodes for IP Cores                                        ; Off                ; Off                ;
; Preserve fewer node names                                                  ; On                 ; On                 ;
; Disable OpenCore Plus hardware evaluation                                  ; Off                ; Off                ;
; Verilog Version                                                            ; Verilog_2001       ; Verilog_2001       ;
; VHDL Version                                                               ; VHDL_1993          ; VHDL_1993          ;
; State Machine Processing                                                   ; Auto               ; Auto               ;
; Safe State Machine                                                         ; Off                ; Off                ;
; Extract Verilog State Machines                                             ; On                 ; On                 ;
; Extract VHDL State Machines                                                ; On                 ; On                 ;
; Ignore Verilog initial constructs                                          ; Off                ; Off                ;
; Iteration limit for constant Verilog loops                                 ; 5000               ; 5000               ;
; Iteration limit for non-constant Verilog loops                             ; 250                ; 250                ;
; Add Pass-Through Logic to Inferred RAMs                                    ; On                 ; On                 ;
; Infer RAMs from Raw Logic                                                  ; On                 ; On                 ;
; Parallel Synthesis                                                         ; On                 ; On                 ;
; NOT Gate Push-Back                                                         ; On                 ; On                 ;
; Power-Up Don't Care                                                        ; On                 ; On                 ;
; Remove Redundant Logic Cells                                               ; Off                ; Off                ;
; Remove Duplicate Registers                                                 ; On                 ; On                 ;
; Ignore CARRY Buffers                                                       ; Off                ; Off                ;
; Ignore CASCADE Buffers                                                     ; Off                ; Off                ;
; Ignore GLOBAL Buffers                                                      ; Off                ; Off                ;
; Ignore ROW GLOBAL Buffers                                                  ; Off                ; Off                ;
; Ignore LCELL Buffers                                                       ; Off                ; Off                ;
; Ignore SOFT Buffers                                                        ; On                 ; On                 ;
; Limit AHDL Integers to 32 Bits                                             ; Off                ; Off                ;
; Optimization Technique                                                     ; Balanced           ; Balanced           ;
; Carry Chain Length                                                         ; 70                 ; 70                 ;
; Auto Carry Chains                                                          ; On                 ; On                 ;
; Auto Open-Drain Pins                                                       ; On                 ; On                 ;
; Perform WYSIWYG Primitive Resynthesis                                      ; Off                ; Off                ;
; Auto Shift Register Replacement                                            ; Auto               ; Auto               ;
; Allow Shift Register Merging across Hierarchies                            ; Auto               ; Auto               ;
; Auto Clock Enable Replacement                                              ; On                 ; On                 ;
; Allow Synchronous Control Signals                                          ; On                 ; On                 ;
; Force Use of Synchronous Clear Signals                                     ; Off                ; Off                ;
; Auto Resource Sharing                                                      ; Off                ; Off                ;
; Use LogicLock Constraints during Resource Balancing                        ; On                 ; On                 ;
; Ignore translate_off and synthesis_off directives                          ; Off                ; Off                ;
; Report Parameter Settings                                                  ; On                 ; On                 ;
; Report Source Assignments                                                  ; On                 ; On                 ;
; Report Connectivity Checks                                                 ; On                 ; On                 ;
; Ignore Maximum Fan-Out Assignments                                         ; Off                ; Off                ;
; Synchronization Register Chain Length                                      ; 2                  ; 2                  ;
; PowerPlay Power Optimization During Synthesis                              ; Normal compilation ; Normal compilation ;
; HDL message level                                                          ; Level2             ; Level2             ;
; Suppress Register Optimization Related Messages                            ; Off                ; Off                ;
; Number of Removed Registers Reported in Synthesis Report                   ; 5000               ; 5000               ;
; Number of Swept Nodes Reported in Synthesis Report                         ; 5000               ; 5000               ;
; Number of Inverted Registers Reported in Synthesis Report                  ; 100                ; 100                ;
; Clock MUX Protection                                                       ; On                 ; On                 ;
; Block Design Naming                                                        ; Auto               ; Auto               ;
; Synthesis Effort                                                           ; Auto               ; Auto               ;
; Shift Register Replacement - Allow Asynchronous Clear Signal               ; On                 ; On                 ;
; Analysis & Synthesis Message Level                                         ; Medium             ; Medium             ;
; Disable Register Merging Across Hierarchies                                ; Auto               ; Auto               ;
; Synthesis Seed                                                             ; 1                  ; 1                  ;
+----------------------------------------------------------------------------+--------------------+--------------------+


+------------------------------------------+
; Parallel Compilation                     ;
+----------------------------+-------------+
; Processors                 ; Number      ;
+----------------------------+-------------+
; Number detected on machine ; 8           ;
; Maximum allowed            ; 4           ;
;                            ;             ;
; Average used               ; 1.00        ;
; Maximum used               ; 1           ;
;                            ;             ;
; Usage by Processor         ; % Time Used ;
;     Processor 1            ; 100.0%      ;
+----------------------------+-------------+


+--------------------------------------------------------------------------------------------------------------------------------------------------------------------------------+
; Analysis & Synthesis Source Files Read                                                                                                                                         ;
+----------------------------------+-----------------+------------------------------------------+----------------------------------------------------------------------+---------+
; File Name with User-Entered Path ; Used in Netlist ; File Type                                ; File Name with Absolute Path                                         ; Library ;
+----------------------------------+-----------------+------------------------------------------+----------------------------------------------------------------------+---------+
; ExecutionUnit.bdf                ; yes             ; User Block Diagram/Schematic File        ; D:/EU/ExecutionUnit.bdf                                              ;         ;
; lpm_inv.tdf                      ; yes             ; Megafunction                             ; c:/altera_lite/16.0/quartus/libraries/megafunctions/lpm_inv.tdf      ;         ;
; alu4bits.bdf                     ; yes             ; Auto-Found Block Diagram/Schematic File  ; D:/EU/alu4bits.bdf                                                   ;         ;
; alu1bit.bdf                      ; yes             ; Auto-Found Block Diagram/Schematic File  ; D:/EU/alu1bit.bdf                                                    ;         ;
; mux41.bdf                        ; yes             ; Megafunction                             ; c:/altera_lite/16.0/quartus/libraries/others/maxplus2/mux41.bdf      ;         ;
; fulladder1bit.bdf                ; yes             ; Auto-Found Block Diagram/Schematic File  ; D:/EU/fulladder1bit.bdf                                              ;         ;
; mux.bdf                          ; yes             ; Auto-Found Block Diagram/Schematic File  ; D:/EU/mux.bdf                                                        ;         ;
; lpm_shiftreg.tdf                 ; yes             ; Megafunction                             ; c:/altera_lite/16.0/quartus/libraries/megafunctions/lpm_shiftreg.tdf ;         ;
; lpm_constant.inc                 ; yes             ; Megafunction                             ; c:/altera_lite/16.0/quartus/libraries/megafunctions/lpm_constant.inc ;         ;
; dffeea.inc                       ; yes             ; Megafunction                             ; c:/altera_lite/16.0/quartus/libraries/megafunctions/dffeea.inc       ;         ;
; aglobal160.inc                   ; yes             ; Megafunction                             ; c:/altera_lite/16.0/quartus/libraries/megafunctions/aglobal160.inc   ;         ;
+----------------------------------+-----------------+------------------------------------------+----------------------------------------------------------------------+---------+


+------------------------------------------------------+
; Analysis & Synthesis Resource Usage Summary          ;
+---------------------------------------------+--------+
; Resource                                    ; Usage  ;
+---------------------------------------------+--------+
; Total logic elements                        ; 52     ;
;     -- Combinational with no register       ; 40     ;
;     -- Register only                        ; 6      ;
;     -- Combinational with a register        ; 6      ;
;                                             ;        ;
; Logic element usage by number of LUT inputs ;        ;
;     -- 4 input functions                    ; 36     ;
;     -- 3 input functions                    ; 6      ;
;     -- 2 input functions                    ; 4      ;
;     -- 1 input functions                    ; 0      ;
;     -- 0 input functions                    ; 0      ;
;                                             ;        ;
; Logic elements by mode                      ;        ;
;     -- normal mode                          ; 52     ;
;     -- arithmetic mode                      ; 0      ;
;     -- qfbk mode                            ; 0      ;
;     -- register cascade mode                ; 0      ;
;     -- synchronous clear/load mode          ; 6      ;
;     -- asynchronous clear/load mode         ; 0      ;
;                                             ;        ;
; Total registers                             ; 12     ;
; I/O pins                                    ; 27     ;
; Maximum fan-out node                        ; OP2[1] ;
; Maximum fan-out                             ; 19     ;
; Total fan-out                               ; 220    ;
; Average fan-out                             ; 2.78   ;
+---------------------------------------------+--------+


+---------------------------------------------------------------------------------------------------------------------------------------------------------------------------------------------------------------------------------------------------------------------------------------+
; Analysis & Synthesis Resource Utilization by Entity                                                                                                                                                                                                                                   ;
+---------------------------------+-------------+--------------+------------+------+--------------+--------------+-------------------+------------------+-----------------+------------+-----------------------------------------------------------------+---------------+--------------+
; Compilation Hierarchy Node      ; Logic Cells ; LC Registers ; UFM Blocks ; Pins ; Virtual Pins ; LUT-Only LCs ; Register-Only LCs ; LUT/Register LCs ; Carry Chain LCs ; Packed LCs ; Full Hierarchy Name                                             ; Entity Name   ; Library Name ;
+---------------------------------+-------------+--------------+------------+------+--------------+--------------+-------------------+------------------+-----------------+------------+-----------------------------------------------------------------+---------------+--------------+
; |ExecutionUnit                  ; 52 (1)      ; 12           ; 0          ; 27   ; 0            ; 40 (1)       ; 6 (0)             ; 6 (0)            ; 0 (0)           ; 0 (0)      ; |ExecutionUnit                                                  ; ExecutionUnit ; work         ;
;    |ALU4bits:inst8|             ; 14 (0)      ; 0            ; 0          ; 0    ; 0            ; 14 (0)       ; 0 (0)             ; 0 (0)            ; 0 (0)           ; 0 (0)      ; |ExecutionUnit|ALU4bits:inst8                                   ; ALU4bits      ; work         ;
;       |ALU1bit:bit0|            ; 4 (0)       ; 0            ; 0          ; 0    ; 0            ; 4 (0)        ; 0 (0)             ; 0 (0)            ; 0 (0)           ; 0 (0)      ; |ExecutionUnit|ALU4bits:inst8|ALU1bit:bit0                      ; ALU1bit       ; work         ;
;          |FullAdder1bit:inst10| ; 2 (2)       ; 0            ; 0          ; 0    ; 0            ; 2 (2)        ; 0 (0)             ; 0 (0)            ; 0 (0)           ; 0 (0)      ; |ExecutionUnit|ALU4bits:inst8|ALU1bit:bit0|FullAdder1bit:inst10 ; FullAdder1bit ; work         ;
;          |mux41:inst|           ; 2 (2)       ; 0            ; 0          ; 0    ; 0            ; 2 (2)        ; 0 (0)             ; 0 (0)            ; 0 (0)           ; 0 (0)      ; |ExecutionUnit|ALU4bits:inst8|ALU1bit:bit0|mux41:inst           ; mux41         ; work         ;
;       |ALU1bit:bit1|            ; 4 (0)       ; 0            ; 0          ; 0    ; 0            ; 4 (0)        ; 0 (0)             ; 0 (0)            ; 0 (0)           ; 0 (0)      ; |ExecutionUnit|ALU4bits:inst8|ALU1bit:bit1                      ; ALU1bit       ; work         ;
;          |FullAdder1bit:inst10| ; 2 (2)       ; 0            ; 0          ; 0    ; 0            ; 2 (2)        ; 0 (0)             ; 0 (0)            ; 0 (0)           ; 0 (0)      ; |ExecutionUnit|ALU4bits:inst8|ALU1bit:bit1|FullAdder1bit:inst10 ; FullAdder1bit ; work         ;
;          |mux41:inst|           ; 2 (2)       ; 0            ; 0          ; 0    ; 0            ; 2 (2)        ; 0 (0)             ; 0 (0)            ; 0 (0)           ; 0 (0)      ; |ExecutionUnit|ALU4bits:inst8|ALU1bit:bit1|mux41:inst           ; mux41         ; work         ;
;       |ALU1bit:bit2|            ; 2 (0)       ; 0            ; 0          ; 0    ; 0            ; 2 (0)        ; 0 (0)             ; 0 (0)            ; 0 (0)           ; 0 (0)      ; |ExecutionUnit|ALU4bits:inst8|ALU1bit:bit2                      ; ALU1bit       ; work         ;
;          |mux41:inst|           ; 2 (2)       ; 0            ; 0          ; 0    ; 0            ; 2 (2)        ; 0 (0)             ; 0 (0)            ; 0 (0)           ; 0 (0)      ; |ExecutionUnit|ALU4bits:inst8|ALU1bit:bit2|mux41:inst           ; mux41         ; work         ;
;       |ALU1bit:bit3|            ; 4 (0)       ; 0            ; 0          ; 0    ; 0            ; 4 (0)        ; 0 (0)             ; 0 (0)            ; 0 (0)           ; 0 (0)      ; |ExecutionUnit|ALU4bits:inst8|ALU1bit:bit3                      ; ALU1bit       ; work         ;
;          |FullAdder1bit:inst10| ; 2 (2)       ; 0            ; 0          ; 0    ; 0            ; 2 (2)        ; 0 (0)             ; 0 (0)            ; 0 (0)           ; 0 (0)      ; |ExecutionUnit|ALU4bits:inst8|ALU1bit:bit3|FullAdder1bit:inst10 ; FullAdder1bit ; work         ;
;          |mux41:inst|           ; 2 (2)       ; 0            ; 0          ; 0    ; 0            ; 2 (2)        ; 0 (0)             ; 0 (0)            ; 0 (0)           ; 0 (0)      ; |ExecutionUnit|ALU4bits:inst8|ALU1bit:bit3|mux41:inst           ; mux41         ; work         ;
;    |lpm_shiftreg:AReg|          ; 5 (5)       ; 4            ; 0          ; 0    ; 0            ; 1 (1)        ; 0 (0)             ; 4 (4)            ; 0 (0)           ; 0 (0)      ; |ExecutionUnit|lpm_shiftreg:AReg                                ; lpm_shiftreg  ; work         ;
;    |lpm_shiftreg:BReg|          ; 6 (6)       ; 4            ; 0          ; 0    ; 0            ; 2 (2)        ; 3 (3)             ; 1 (1)            ; 0 (0)           ; 0 (0)      ; |ExecutionUnit|lpm_shiftreg:BReg                                ; lpm_shiftreg  ; work         ;
;    |lpm_shiftreg:CReg|          ; 4 (4)       ; 4            ; 0          ; 0    ; 0            ; 0 (0)        ; 3 (3)             ; 1 (1)            ; 0 (0)           ; 0 (0)      ; |ExecutionUnit|lpm_shiftreg:CReg                                ; lpm_shiftreg  ; work         ;
;    |mux:inst11|                 ; 8 (0)       ; 0            ; 0          ; 0    ; 0            ; 8 (0)        ; 0 (0)             ; 0 (0)            ; 0 (0)           ; 0 (0)      ; |ExecutionUnit|mux:inst11                                       ; mux           ; work         ;
;       |mux41:inst3|             ; 2 (2)       ; 0            ; 0          ; 0    ; 0            ; 2 (2)        ; 0 (0)             ; 0 (0)            ; 0 (0)           ; 0 (0)      ; |ExecutionUnit|mux:inst11|mux41:inst3                           ; mux41         ; work         ;
;       |mux41:inst4|             ; 2 (2)       ; 0            ; 0          ; 0    ; 0            ; 2 (2)        ; 0 (0)             ; 0 (0)            ; 0 (0)           ; 0 (0)      ; |ExecutionUnit|mux:inst11|mux41:inst4                           ; mux41         ; work         ;
;       |mux41:inst5|             ; 2 (2)       ; 0            ; 0          ; 0    ; 0            ; 2 (2)        ; 0 (0)             ; 0 (0)            ; 0 (0)           ; 0 (0)      ; |ExecutionUnit|mux:inst11|mux41:inst5                           ; mux41         ; work         ;
;       |mux41:inst|              ; 2 (2)       ; 0            ; 0          ; 0    ; 0            ; 2 (2)        ; 0 (0)             ; 0 (0)            ; 0 (0)           ; 0 (0)      ; |ExecutionUnit|mux:inst11|mux41:inst                            ; mux41         ; work         ;
;    |mux:inst3|                  ; 3 (0)       ; 0            ; 0          ; 0    ; 0            ; 3 (0)        ; 0 (0)             ; 0 (0)            ; 0 (0)           ; 0 (0)      ; |ExecutionUnit|mux:inst3                                        ; mux           ; work         ;
;       |mux41:inst3|             ; 1 (1)       ; 0            ; 0          ; 0    ; 0            ; 1 (1)        ; 0 (0)             ; 0 (0)            ; 0 (0)           ; 0 (0)      ; |ExecutionUnit|mux:inst3|mux41:inst3                            ; mux41         ; work         ;
;       |mux41:inst4|             ; 1 (1)       ; 0            ; 0          ; 0    ; 0            ; 1 (1)        ; 0 (0)             ; 0 (0)            ; 0 (0)           ; 0 (0)      ; |ExecutionUnit|mux:inst3|mux41:inst4                            ; mux41         ; work         ;
;       |mux41:inst5|             ; 1 (1)       ; 0            ; 0          ; 0    ; 0            ; 1 (1)        ; 0 (0)             ; 0 (0)            ; 0 (0)           ; 0 (0)      ; |ExecutionUnit|mux:inst3|mux41:inst5                            ; mux41         ; work         ;
;    |mux:inst6|                  ; 3 (0)       ; 0            ; 0          ; 0    ; 0            ; 3 (0)        ; 0 (0)             ; 0 (0)            ; 0 (0)           ; 0 (0)      ; |ExecutionUnit|mux:inst6                                        ; mux           ; work         ;
;       |mux41:inst3|             ; 1 (1)       ; 0            ; 0          ; 0    ; 0            ; 1 (1)        ; 0 (0)             ; 0 (0)            ; 0 (0)           ; 0 (0)      ; |ExecutionUnit|mux:inst6|mux41:inst3                            ; mux41         ; work         ;
;       |mux41:inst4|             ; 1 (1)       ; 0            ; 0          ; 0    ; 0            ; 1 (1)        ; 0 (0)             ; 0 (0)            ; 0 (0)           ; 0 (0)      ; |ExecutionUnit|mux:inst6|mux41:inst4                            ; mux41         ; work         ;
;       |mux41:inst5|             ; 1 (1)       ; 0            ; 0          ; 0    ; 0            ; 1 (1)        ; 0 (0)             ; 0 (0)            ; 0 (0)           ; 0 (0)      ; |ExecutionUnit|mux:inst6|mux41:inst5                            ; mux41         ; work         ;
;    |mux:inst7|                  ; 8 (0)       ; 0            ; 0          ; 0    ; 0            ; 8 (0)        ; 0 (0)             ; 0 (0)            ; 0 (0)           ; 0 (0)      ; |ExecutionUnit|mux:inst7                                        ; mux           ; work         ;
;       |mux41:inst3|             ; 2 (2)       ; 0            ; 0          ; 0    ; 0            ; 2 (2)        ; 0 (0)             ; 0 (0)            ; 0 (0)           ; 0 (0)      ; |ExecutionUnit|mux:inst7|mux41:inst3                            ; mux41         ; work         ;
;       |mux41:inst4|             ; 2 (2)       ; 0            ; 0          ; 0    ; 0            ; 2 (2)        ; 0 (0)             ; 0 (0)            ; 0 (0)           ; 0 (0)      ; |ExecutionUnit|mux:inst7|mux41:inst4                            ; mux41         ; work         ;
;       |mux41:inst5|             ; 2 (2)       ; 0            ; 0          ; 0    ; 0            ; 2 (2)        ; 0 (0)             ; 0 (0)            ; 0 (0)           ; 0 (0)      ; |ExecutionUnit|mux:inst7|mux41:inst5                            ; mux41         ; work         ;
;       |mux41:inst|              ; 2 (2)       ; 0            ; 0          ; 0    ; 0            ; 2 (2)        ; 0 (0)             ; 0 (0)            ; 0 (0)           ; 0 (0)      ; |ExecutionUnit|mux:inst7|mux41:inst                             ; mux41         ; work         ;
+---------------------------------+-------------+--------------+------------+------+--------------+--------------+-------------------+------------------+-----------------+------------+-----------------------------------------------------------------+---------------+--------------+
Note: For table entries with two numbers listed, the numbers in parentheses indicate the number of resources of the given type used by the specific entity alone. The numbers listed outside of parentheses indicate the total resources of the given type used by the specific entity and all of its sub-entities in the hierarchy.


+------------------------------------------------------+
; General Register Statistics                          ;
+----------------------------------------------+-------+
; Statistic                                    ; Value ;
+----------------------------------------------+-------+
; Total registers                              ; 12    ;
; Number of registers using Synchronous Clear  ; 0     ;
; Number of registers using Synchronous Load   ; 6     ;
; Number of registers using Asynchronous Clear ; 0     ;
; Number of registers using Asynchronous Load  ; 0     ;
; Number of registers using Clock Enable       ; 12    ;
; Number of registers using Preset             ; 0     ;
+----------------------------------------------+-------+


+------------------------------------------------------------+
; Parameter Settings for User Entity Instance: LPM_INV:inst1 ;
+----------------+-------+-----------------------------------+
; Parameter Name ; Value ; Type                              ;
+----------------+-------+-----------------------------------+
; LPM_WIDTH      ; 1     ; Untyped                           ;
+----------------+-------+-----------------------------------+
Note: In order to hide this table in the UI and the text report file, please set the "Show Parameter Settings in Synthesis Report" option in "Analysis and Synthesis Settings -> More Settings" to "Off".


+----------------------------------------------------------------+
; Parameter Settings for User Entity Instance: LPM_SHIFTREG:AReg ;
+------------------------+--------+------------------------------+
; Parameter Name         ; Value  ; Type                         ;
+------------------------+--------+------------------------------+
; LPM_WIDTH              ; 4      ; Untyped                      ;
; LPM_DIRECTION          ; LEFT   ; Untyped                      ;
; LPM_AVALUE             ; UNUSED ; Untyped                      ;
; LPM_SVALUE             ; UNUSED ; Untyped                      ;
; DEVICE_FAMILY          ; MAX V  ; Untyped                      ;
; AUTO_CARRY_CHAINS      ; ON     ; AUTO_CARRY                   ;
; IGNORE_CARRY_BUFFERS   ; OFF    ; IGNORE_CARRY                 ;
; AUTO_CASCADE_CHAINS    ; ON     ; AUTO_CASCADE                 ;
; IGNORE_CASCADE_BUFFERS ; OFF    ; IGNORE_CASCADE               ;
+------------------------+--------+------------------------------+
Note: In order to hide this table in the UI and the text report file, please set the "Show Parameter Settings in Synthesis Report" option in "Analysis and Synthesis Settings -> More Settings" to "Off".


+----------------------------------------------------------------+
; Parameter Settings for User Entity Instance: LPM_SHIFTREG:BReg ;
+------------------------+--------+------------------------------+
; Parameter Name         ; Value  ; Type                         ;
+------------------------+--------+------------------------------+
; LPM_WIDTH              ; 4      ; Untyped                      ;
; LPM_DIRECTION          ; LEFT   ; Untyped                      ;
; LPM_AVALUE             ; UNUSED ; Untyped                      ;
; LPM_SVALUE             ; UNUSED ; Untyped                      ;
; DEVICE_FAMILY          ; MAX V  ; Untyped                      ;
; AUTO_CARRY_CHAINS      ; ON     ; AUTO_CARRY                   ;
; IGNORE_CARRY_BUFFERS   ; OFF    ; IGNORE_CARRY                 ;
; AUTO_CASCADE_CHAINS    ; ON     ; AUTO_CASCADE                 ;
; IGNORE_CASCADE_BUFFERS ; OFF    ; IGNORE_CASCADE               ;
+------------------------+--------+------------------------------+
Note: In order to hide this table in the UI and the text report file, please set the "Show Parameter Settings in Synthesis Report" option in "Analysis and Synthesis Settings -> More Settings" to "Off".


+----------------------------------------------------------------+
; Parameter Settings for User Entity Instance: LPM_SHIFTREG:CReg ;
+------------------------+--------+------------------------------+
; Parameter Name         ; Value  ; Type                         ;
+------------------------+--------+------------------------------+
; LPM_WIDTH              ; 4      ; Untyped                      ;
; LPM_DIRECTION          ; LEFT   ; Untyped                      ;
; LPM_AVALUE             ; UNUSED ; Untyped                      ;
; LPM_SVALUE             ; UNUSED ; Untyped                      ;
; DEVICE_FAMILY          ; MAX V  ; Untyped                      ;
; AUTO_CARRY_CHAINS      ; ON     ; AUTO_CARRY                   ;
; IGNORE_CARRY_BUFFERS   ; OFF    ; IGNORE_CARRY                 ;
; AUTO_CASCADE_CHAINS    ; ON     ; AUTO_CASCADE                 ;
; IGNORE_CASCADE_BUFFERS ; OFF    ; IGNORE_CASCADE               ;
+------------------------+--------+------------------------------+
Note: In order to hide this table in the UI and the text report file, please set the "Show Parameter Settings in Synthesis Report" option in "Analysis and Synthesis Settings -> More Settings" to "Off".


+----------------------------------------------------+
; lpm_shiftreg Parameter Settings by Entity Instance ;
+----------------------------+-----------------------+
; Name                       ; Value                 ;
+----------------------------+-----------------------+
; Number of entity instances ; 3                     ;
; Entity Instance            ; LPM_SHIFTREG:AReg     ;
;     -- LPM_WIDTH           ; 4                     ;
;     -- LPM_DIRECTION       ; LEFT                  ;
; Entity Instance            ; LPM_SHIFTREG:BReg     ;
;     -- LPM_WIDTH           ; 4                     ;
;     -- LPM_DIRECTION       ; LEFT                  ;
; Entity Instance            ; LPM_SHIFTREG:CReg     ;
;     -- LPM_WIDTH           ; 4                     ;
;     -- LPM_DIRECTION       ; LEFT                  ;
+----------------------------+-----------------------+


+-------------------------------+
; Analysis & Synthesis Messages ;
+-------------------------------+
Info: *******************************************************************
Info: Running Quartus Prime Analysis & Synthesis
    Info: Version 16.0.0 Build 211 04/27/2016 SJ Lite Edition
    Info: Processing started: Thu Oct 10 23:17:23 2019
Info: Command: quartus_map --read_settings_files=on --write_settings_files=off ExecutionUnit -c ExecutionUnit
Warning (18236): Number of processors has not been specified which may cause overloading on shared machines.  Set the global assignment NUM_PARALLEL_PROCESSORS in your QSF to an appropriate value for best performance.
Info (20030): Parallel compilation is enabled and will use 4 of the 4 processors detected
Info (12021): Found 1 design units, including 1 entities, in source file executionunit.bdf
    Info (12023): Found entity 1: ExecutionUnit
Info (12021): Found 1 design units, including 1 entities, in source file 4bitmux.bdf
    Info (12023): Found entity 1: 4bitmux
Info (12127): Elaborating entity "ExecutionUnit" for the top level hierarchy
Info (12128): Elaborating entity "LPM_INV" for hierarchy "LPM_INV:inst1"
Info (12130): Elaborated megafunction instantiation "LPM_INV:inst1"
Info (12133): Instantiated megafunction "LPM_INV:inst1" with the following parameter:
    Info (12134): Parameter "LPM_WIDTH" = "1"
Warning (12125): Using design file alu4bits.bdf, which is not specified as a design file for the current project, but contains definitions for 1 design units and 1 entities in project
    Info (12023): Found entity 1: ALU4bits
Info (12128): Elaborating entity "ALU4bits" for hierarchy "ALU4bits:inst8"
Warning (12125): Using design file alu1bit.bdf, which is not specified as a design file for the current project, but contains definitions for 1 design units and 1 entities in project
    Info (12023): Found entity 1: ALU1bit
Info (12128): Elaborating entity "ALU1bit" for hierarchy "ALU4bits:inst8|ALU1bit:bit3"
Info (12128): Elaborating entity "MUX41" for hierarchy "ALU4bits:inst8|ALU1bit:bit3|MUX41:inst"
Info (12130): Elaborated megafunction instantiation "ALU4bits:inst8|ALU1bit:bit3|MUX41:inst"
Warning (12125): Using design file fulladder1bit.bdf, which is not specified as a design file for the current project, but contains definitions for 1 design units and 1 entities in project
    Info (12023): Found entity 1: FullAdder1bit
Info (12128): Elaborating entity "FullAdder1bit" for hierarchy "ALU4bits:inst8|ALU1bit:bit3|FullAdder1bit:inst10"
Warning (12090): Entity "mux" obtained from "mux.bdf" instead of from Quartus Prime megafunction library
Warning (12125): Using design file mux.bdf, which is not specified as a design file for the current project, but contains definitions for 1 design units and 1 entities in project
    Info (12023): Found entity 1: mux
Info (12128): Elaborating entity "mux" for hierarchy "mux:inst7"
Info (12128): Elaborating entity "LPM_SHIFTREG" for hierarchy "LPM_SHIFTREG:AReg"
Info (12130): Elaborated megafunction instantiation "LPM_SHIFTREG:AReg"
Info (12133): Instantiated megafunction "LPM_SHIFTREG:AReg" with the following parameter:
    Info (12134): Parameter "LPM_WIDTH" = "4"
Info (21057): Implemented 79 device resources after synthesis - the final resource count might be different
    Info (21058): Implemented 13 input pins
    Info (21059): Implemented 14 output pins
    Info (21061): Implemented 52 logic cells
Info: Quartus Prime Analysis & Synthesis was successful. 0 errors, 6 warnings
    Info: Peak virtual memory: 4915 megabytes
    Info: Processing ended: Thu Oct 10 23:17:47 2019
    Info: Elapsed time: 00:00:24
    Info: Total CPU time (on all processors): 00:00:51


