Flow report for ExecutionUnit
Mon Oct 14 10:25:10 2019
Quartus Prime Version 16.0.0 Build 211 04/27/2016 SJ Lite Edition


---------------------
; Table of Contents ;
---------------------
  1. Legal Notice
  2. Flow Summary
  3. Flow Settings
  4. Flow Non-Default Global Settings
  5. Flow Elapsed Time
  6. Flow OS Summary
  7. Flow Log
  8. Flow Messages
  9. Flow Suppressed Messages



----------------
; Legal Notice ;
----------------
Copyright (C) 1991-2016 Altera Corporation. All rights reserved.
Your use of Altera Corporation's design tools, logic functions 
and other software and tools, and its AMPP partner logic 
functions, and any output files from any of the foregoing 
(including device programming or simulation files), and any 
associated documentation or information are expressly subject 
to the terms and conditions of the Altera Program License 
Subscription Agreement, the Altera Quartus Prime License Agreement,
the Altera MegaCore Function License Agreement, or other 
applicable license agreement, including, without limitation, 
that your use is for the sole purpose of programming logic 
devices manufactured by Altera and sold by Altera or its 
authorized distributors.  Please refer to the applicable 
agreement for further details.



+---------------------------------------------------------------------+
; Flow Summary                                                        ;
+-----------------------+---------------------------------------------+
; Flow Status           ; Successful - Mon Oct 14 10:25:10 2019       ;
; Quartus Prime Version ; 16.0.0 Build 211 04/27/2016 SJ Lite Edition ;
; Revision Name         ; ExecutionUnit                               ;
; Top-level Entity Name ; ExecutionUnit                               ;
; Family                ; MAX V                                       ;
; Total logic elements  ; 46 / 80 ( 57 % )                            ;
; Total pins            ; 27 / 52 ( 52 % )                            ;
; Total virtual pins    ; 0                                           ;
; UFM blocks            ; 0 / 1 ( 0 % )                               ;
; Device                ; 5M80ZM68C4                                  ;
; Timing Models         ; Final                                       ;
+-----------------------+---------------------------------------------+


+-----------------------------------------+
; Flow Settings                           ;
+-------------------+---------------------+
; Option            ; Setting             ;
+-------------------+---------------------+
; Start date & time ; 10/10/2019 23:17:24 ;
; Main task         ; Compilation         ;
; Revision Name     ; ExecutionUnit       ;
+-------------------+---------------------+


+----------------------------------------------------------------------------------------------------------+
; Flow Non-Default Global Settings                                                                         ;
+--------------------------+--------------------------------+---------------+-------------+----------------+
; Assignment Name          ; Value                          ; Default Value ; Entity Name ; Section Id     ;
+--------------------------+--------------------------------+---------------+-------------+----------------+
; COMPILER_SIGNATURE_ID    ; 66160497395339.157074224412568 ; --            ; --          ; --             ;
; EDA_OUTPUT_DATA_FORMAT   ; Verilog Hdl                    ; --            ; --          ; eda_simulation ;
; EDA_SIMULATION_TOOL      ; ModelSim-Altera (Verilog)      ; <None>        ; --          ; --             ;
; EDA_TIME_SCALE           ; 1 ps                           ; --            ; --          ; eda_simulation ;
; PROJECT_OUTPUT_DIRECTORY ; output_files                   ; --            ; --          ; --             ;
+--------------------------+--------------------------------+---------------+-------------+----------------+


+-------------------------------------------------------------------------------------------------------------------------------+
; Flow Elapsed Time                                                                                                             ;
+---------------------------+--------------+-------------------------+---------------------+------------------------------------+
; Module Name               ; Elapsed Time ; Average Processors Used ; Peak Virtual Memory ; Total CPU Time (on all processors) ;
+---------------------------+--------------+-------------------------+---------------------+------------------------------------+
; Analysis & Synthesis      ; 00:00:24     ; 1.0                     ; 4915 MB             ; 00:00:51                           ;
; Fitter                    ; 00:00:13     ; 1.0                     ; 5507 MB             ; 00:00:07                           ;
; Assembler                 ; 00:00:02     ; 1.0                     ; 4863 MB             ; 00:00:01                           ;
; TimeQuest Timing Analyzer ; 00:00:04     ; 1.0                     ; 4896 MB             ; 00:00:02                           ;
; EDA Netlist Writer        ; 00:00:02     ; 1.0                     ; 4830 MB             ; 00:00:01                           ;
; EDA Netlist Writer        ; 00:00:02     ; 1.0                     ; 4818 MB             ; 00:00:01                           ;
; EDA Netlist Writer        ; 00:00:01     ; 1.0                     ; 4827 MB             ; 00:00:01                           ;
; EDA Netlist Writer        ; 00:00:03     ; 1.0                     ; 4818 MB             ; 00:00:01                           ;
; EDA Netlist Writer        ; 00:00:01     ; 1.0                     ; 4827 MB             ; 00:00:01                           ;
; EDA Netlist Writer        ; 00:00:01     ; 1.0                     ; 4818 MB             ; 00:00:01                           ;
; EDA Netlist Writer        ; 00:00:01     ; 1.0                     ; 4827 MB             ; 00:00:01                           ;
; EDA Netlist Writer        ; 00:00:01     ; 1.0                     ; 4818 MB             ; 00:00:01                           ;
; EDA Netlist Writer        ; 00:00:01     ; 1.0                     ; 4827 MB             ; 00:00:01                           ;
; Total                     ; 00:00:56     ; --                      ; --                  ; 00:01:10                           ;
+---------------------------+--------------+-------------------------+---------------------+------------------------------------+


+----------------------------------------------------------------------------------------+
; Flow OS Summary                                                                        ;
+---------------------------+------------------+-----------+------------+----------------+
; Module Name               ; Machine Hostname ; OS Name   ; OS Version ; Processor type ;
+---------------------------+------------------+-----------+------------+----------------+
; Analysis & Synthesis      ; DESKTOP-9TSB23H  ; Windows 8 ; 6.2        ; x86_64         ;
; Fitter                    ; DESKTOP-9TSB23H  ; Windows 8 ; 6.2        ; x86_64         ;
; Assembler                 ; DESKTOP-9TSB23H  ; Windows 8 ; 6.2        ; x86_64         ;
; TimeQuest Timing Analyzer ; DESKTOP-9TSB23H  ; Windows 8 ; 6.2        ; x86_64         ;
; EDA Netlist Writer        ; DESKTOP-9TSB23H  ; Windows 8 ; 6.2        ; x86_64         ;
; EDA Netlist Writer        ; DESKTOP-9TSB23H  ; Windows 8 ; 6.2        ; x86_64         ;
; EDA Netlist Writer        ; DESKTOP-9TSB23H  ; Windows 8 ; 6.2        ; x86_64         ;
; EDA Netlist Writer        ; DESKTOP-9TSB23H  ; Windows 8 ; 6.2        ; x86_64         ;
; EDA Netlist Writer        ; DESKTOP-9TSB23H  ; Windows 8 ; 6.2        ; x86_64         ;
; EDA Netlist Writer        ; DESKTOP-9TSB23H  ; Windows 8 ; 6.2        ; x86_64         ;
; EDA Netlist Writer        ; DESKTOP-9TSB23H  ; Windows 8 ; 6.2        ; x86_64         ;
; EDA Netlist Writer        ; DESKTOP-9TSB23H  ; Windows 8 ; 6.2        ; x86_64         ;
; EDA Netlist Writer        ; DESKTOP-9TSB23H  ; Windows 8 ; 6.2        ; x86_64         ;
+---------------------------+------------------+-----------+------------+----------------+


------------
; Flow Log ;
------------
quartus_map --read_settings_files=on --write_settings_files=off ExecutionUnit -c ExecutionUnit
quartus_fit --read_settings_files=off --write_settings_files=off ExecutionUnit -c ExecutionUnit
quartus_asm --read_settings_files=off --write_settings_files=off ExecutionUnit -c ExecutionUnit
quartus_sta ExecutionUnit -c ExecutionUnit
quartus_eda --read_settings_files=off --write_settings_files=off ExecutionUnit -c ExecutionUnit
quartus_eda --gen_testbench --tool=modelsim_oem --format=verilog --write_settings_files=off ExecutionUnit -c ExecutionUnit --vector_source=D:/EU/TestCaseAfterOrg1.vwf --testbench_file=D:/EU/simulation/qsim/TestCaseAfterOrg1.vwf.vt
quartus_eda --write_settings_files=off --functional=on --flatten_buses=off --simulation=on --tool=modelsim_oem --format=verilog --output_directory=D:/EU/simulation/qsim/ ExecutionUnit -c ExecutionUnit
quartus_eda --gen_testbench --tool=modelsim_oem --format=verilog --write_settings_files=off ExecutionUnit -c ExecutionUnit --vector_source=D:/Ashraf_Mahboub_MicroAssignment/EU/Test2.vwf --testbench_file=D:/Ashraf_Mahboub_MicroAssignment/EU/simulation/qsim/Test2.vwf.vt
quartus_eda --write_settings_files=off --functional=on --flatten_buses=off --simulation=on --tool=modelsim_oem --format=verilog --output_directory=D:/Ashraf_Mahboub_MicroAssignment/EU/simulation/qsim/ ExecutionUnit -c ExecutionUnit
quartus_eda --gen_testbench --tool=modelsim_oem --format=verilog --write_settings_files=off ExecutionUnit -c ExecutionUnit --vector_source=C:/Users/aashr/OneDrive/Desktop/EU/Design1/EU/TestCase1.vwf --testbench_file=C:/Users/aashr/OneDrive/Desktop/EU/Design1/EU/simulation/qsim/TestCase1.vwf.vt
quartus_eda --write_settings_files=off --functional=on --flatten_buses=off --simulation=on --tool=modelsim_oem --format=verilog --output_directory=C:/Users/aashr/OneDrive/Desktop/EU/Design1/EU/simulation/qsim/ ExecutionUnit -c ExecutionUnit
quartus_eda --gen_testbench --tool=modelsim_oem --format=verilog --write_settings_files=off ExecutionUnit -c ExecutionUnit --vector_source=C:/Users/aashr/OneDrive/Desktop/EU/Design1/EU/TestCaseAfterOrg1.vwf --testbench_file=C:/Users/aashr/OneDrive/Desktop/EU/Design1/EU/simulation/qsim/TestCaseAfterOrg1.vwf.vt
quartus_eda --write_settings_files=off --functional=on --flatten_buses=off --simulation=on --tool=modelsim_oem --format=verilog --output_directory=C:/Users/aashr/OneDrive/Desktop/EU/Design1/EU/simulation/qsim/ ExecutionUnit -c ExecutionUnit



